<?xml version="1.0" encoding="UTF-8"?>
<!-- Generated by org.testng.reporters.JUnitXMLReporter -->
<testsuite hostname="DESKTOP-TMF0VV4" ignored="0" name="Test" tests="22" failures="0" timestamp="2020-06-25T01:11:13 IST" time="375.294" errors="0">
  <testcase name="Test_Browser_And_URL_Invoked_Correctly" time="95.869" classname="testCases.TestCases"/>
  <testcase name="Test_MainPage_Title_Matches_Correctly" time="4.024" classname="testCases.TestCases"/>
  <testcase name="Test_City_Is_Selected_Correctly" time="15.512" classname="testCases.TestCases"/>
  <testcase name="Test_Popup_Is_Ignored" time="10.896" classname="testCases.TestCases"/>
  <testcase name="Test_Signin_Button_Is_clicked" time="8.082" classname="testCases.TestCases"/>
  <testcase name="Test_Continue_Via_Google_Button_Is_Clicked" time="3.679" classname="testCases.TestCases"/>
  <testcase name="Test_Invalid_UserName" time="23.73" classname="testCases.TestCases"/>
  <testcase name="Test_Invalid_Password" time="38.328" classname="testCases.TestCases"/>
  <testcase name="Test_Blank_UserName" time="23.352" classname="testCases.TestCases"/>
  <testcase name="Test_Blank_Password" time="39.079" classname="testCases.TestCases"/>
  <testcase name="Test_Signing_In_Appears_Correctly" time="36.038" classname="testCases.TestCases"/>
  <testcase name="Test_Sports_Is_Clicked" time="13.094" classname="testCases.TestCases"/>
  <testcase name="Test_Sports_Available_Are_Displayed" time="3.132" classname="testCases.TestCases"/>
  <testcase name="Test_Weekend_Is_clicked" time="3.356" classname="testCases.TestCases"/>
  <testcase name="Test_Sports_Availabe_Are_Displayed_After_Selecting_Weekend" time="3.123" classname="testCases.TestCases"/>
  <testcase name="Test_PriceRange_Is_clicked" time="3.232" classname="testCases.TestCases"/>
  <testcase name="Test_Minimum_Is_clicked" time="3.414" classname="testCases.TestCases"/>
  <testcase name="Test_Sports_Availabe_Are_Displayed_After_Selecting_MinimumRange" time="6.288" classname="testCases.TestCases"/>
  <testcase name="Test_Window_Navigates_To_Movie_Page" time="32.756" classname="testCases.TestCases"/>
  <testcase name="Test_Movies_Are_Displayed" time="1.002" classname="testCases.TestCases"/>
  <testcase name="Test_Languages_Are_Extracted_And_Stored_In_List" time="0.95" classname="testCases.TestCases"/>
  <testcase name="Test_Languages_Are_Displayed" time="0.037" classname="testCases.TestCases"/>
</testsuite> <!-- Test -->
